Using pre-set license
Built from '2020.3/release' branch; Version is '2020.3.2f1 (8fd9074bf66c) revision 9427207'; Using compiler version '192528614'; Build Type 'Release'
OS: 'Windows 10 Pro; OS build 19042.1110; Version 2009; 64bit' Language: 'ko' Physical Memory: 32717 MB
BatchMode: 1, IsHumanControllingUs: 0, StartBugReporterOnCrash: 0, Is64bit: 1, IsPro: 0

 COMMAND LINE ARGUMENTS:
C:\Users\user\Documents\2020.3.2f1\Editor\Unity.exe
-adb2
-batchMode
-noUpm
-name
AssetImportWorker0
-projectPath
C:/Users/user/TheCatastrophe
-logFile
Logs/AssetImportWorker0.log
-srvPort
58528
Successfully changed project path to: C:/Users/user/TheCatastrophe
C:/Users/user/TheCatastrophe
Using Asset Import Pipeline V2.
Refreshing native plugins compatible for Editor in 30.42 ms, found 1 plugins.
Preloading 0 native plugins for Editor in 0.00 ms.
Initialize engine version: 2020.3.2f1 (8fd9074bf66c)
[Subsystems] Discovering subsystems at path C:/Users/user/Documents/2020.3.2f1/Editor/Data/Resources/UnitySubsystems
[Subsystems] Discovering subsystems at path C:/Users/user/TheCatastrophe/Assets
GfxDevice: creating device client; threaded=0
Direct3D:
    Version:  Direct3D 11.0 [level 11.1]
    Renderer: NVIDIA GeForce GTX 1660 SUPER (ID=0x21c4)
    Vendor:   
    VRAM:     5991 MB
    Driver:   27.21.14.6109
Initialize mono
Mono path[0] = 'C:/Users/user/Documents/2020.3.2f1/Editor/Data/Managed'
Mono path[1] = 'C:/Users/user/Documents/2020.3.2f1/Editor/Data/MonoBleedingEdge/lib/mono/unityjit'
Mono config path = 'C:/Users/user/Documents/2020.3.2f1/Editor/Data/MonoBleedingEdge/etc'
Using monoOptions --debugger-agent=transport=dt_socket,embedding=1,server=y,suspend=n,address=127.0.0.1:56536
Begin MonoManager ReloadAssembly
Registering precompiled unity dll's ...
Register platform support module: C:/Users/user/Documents/2020.3.2f1/Editor/Data/PlaybackEngines/WindowsStandaloneSupport/UnityEditor.WindowsStandalone.Extensions.dll
Registered in 0.001659 seconds.
Native extension for WindowsStandalone target not found
Refreshing native plugins compatible for Editor in 31.09 ms, found 1 plugins.
Preloading 0 native plugins for Editor in 0.00 ms.
Invoked RoslynAnalysisRunner static constructor.
RoslynAnalysisRunner will not be running.
RoslynAnalysisRunner has terminated.
Mono: successfully reloaded assembly
- Completed reload, in  1.422 seconds
Platform modules already initialized, skipping
Registering precompiled user dll's ...
Registered in 0.001044 seconds.
Begin MonoManager ReloadAssembly
Native extension for WindowsStandalone target not found
Refreshing native plugins compatible for Editor in 31.16 ms, found 1 plugins.
Preloading 0 native plugins for Editor in 0.00 ms.
Invoked RoslynAnalysisRunner static constructor.
RoslynAnalysisRunner will not be running.
RoslynAnalysisRunner has terminated.
Mono: successfully reloaded assembly
- Completed reload, in  0.739 seconds
Platform modules already initialized, skipping
========================================================================
Worker process is ready to serve import requests
Launched and connected shader compiler UnityShaderCompiler.exe after 0.03 seconds
Refreshing native plugins compatible for Editor in 0.49 ms, found 1 plugins.
Preloading 0 native plugins for Editor in 0.00 ms.
Unloading 1829 Unused Serialized files (Serialized files now loaded: 0)
System memory in use before: 85.5 MB.
System memory in use after: 85.4 MB.

Unloading 25 unused Assets to reduce memory usage. Loaded Objects now: 2271.
Total: 2.044300 ms (FindLiveObjects: 0.206000 ms CreateObjectMapping: 0.042100 ms MarkObjects: 1.678600 ms  DeleteObjects: 0.116700 ms)

========================================================================
Received Import Request.
  path: Assets/UI/이어하기 1.png
  artifactKey: Guid(d654c17bd4dcea8479ed912d81eb2837) Importer(815301076,1909f56bfc062723c751e8b465ee728b)
Start importing Assets/UI/이어하기 1.png using Guid(d654c17bd4dcea8479ed912d81eb2837) Importer(815301076,1909f56bfc062723c751e8b465ee728b)  -> (artifact id: '8c4360d1d14684b26eef7daf28b704f1') in 0.074235 seconds
  Import took 0.077036 seconds .

========================================================================
Received Import Request.
  Time since last request: 0.000172 seconds.
  path: Assets/UI/처음부터 1.png
  artifactKey: Guid(c824684986502084d8b5071ea78c1f56) Importer(815301076,1909f56bfc062723c751e8b465ee728b)
Start importing Assets/UI/처음부터 1.png using Guid(c824684986502084d8b5071ea78c1f56) Importer(815301076,1909f56bfc062723c751e8b465ee728b)  -> (artifact id: '76ae6f84ee344bdf1cc5076938fc2d87') in 0.009377 seconds
  Import took 0.011951 seconds .

========================================================================
Received Import Request.
  Time since last request: 0.000137 seconds.
  path: Assets/UI/업적확인 1.png
  artifactKey: Guid(f7fe8490ce61db04f837c4ccdf69a624) Importer(815301076,1909f56bfc062723c751e8b465ee728b)
Start importing Assets/UI/업적확인 1.png using Guid(f7fe8490ce61db04f837c4ccdf69a624) Importer(815301076,1909f56bfc062723c751e8b465ee728b)  -> (artifact id: 'fa545dad6c3b19bbfe0be8266a0adc6b') in 0.009362 seconds
  Import took 0.011808 seconds .

========================================================================
Received Import Request.
  Time since last request: 0.000130 seconds.
  path: Assets/UI/이어하기(click) 1.png
  artifactKey: Guid(e3deff92930390648bcbfc8d0541308d) Importer(815301076,1909f56bfc062723c751e8b465ee728b)
Start importing Assets/UI/이어하기(click) 1.png using Guid(e3deff92930390648bcbfc8d0541308d) Importer(815301076,1909f56bfc062723c751e8b465ee728b)  -> (artifact id: '2e7e3c928398dcde6056db0d25bd6c03') in 0.009180 seconds
  Import took 0.011495 seconds .

========================================================================
Received Import Request.
  Time since last request: 0.000170 seconds.
  path: Assets/UI/메인 1.png
  artifactKey: Guid(60dae36d179af3e4b86c207d7ff4c7f3) Importer(815301076,1909f56bfc062723c751e8b465ee728b)
Start importing Assets/UI/메인 1.png using Guid(60dae36d179af3e4b86c207d7ff4c7f3) Importer(815301076,1909f56bfc062723c751e8b465ee728b)  -> (artifact id: '427b3569c64cc237884154c5f289ae3f') in 0.026504 seconds
  Import took 0.029107 seconds .

========================================================================
Received Import Request.
  Time since last request: 0.000175 seconds.
  path: Assets/UI/업적확인(click) 1.png
  artifactKey: Guid(f14d5cf6ed1fb4b4eb2b1592618ac243) Importer(815301076,1909f56bfc062723c751e8b465ee728b)
Start importing Assets/UI/업적확인(click) 1.png using Guid(f14d5cf6ed1fb4b4eb2b1592618ac243) Importer(815301076,1909f56bfc062723c751e8b465ee728b)  -> (artifact id: 'd12489eb6c8fede89ae838f798da11a3') in 0.009241 seconds
  Import took 0.012004 seconds .

========================================================================
Received Import Request.
  Time since last request: 0.000176 seconds.
  path: Assets/UI/처음부터(click) 1.png
  artifactKey: Guid(68a310ada7af267479020848c8ce43e0) Importer(815301076,1909f56bfc062723c751e8b465ee728b)
Start importing Assets/UI/처음부터(click) 1.png using Guid(68a310ada7af267479020848c8ce43e0) Importer(815301076,1909f56bfc062723c751e8b465ee728b)  -> (artifact id: '7b9d3695858e49a181ac7387c2d52aa1') in 0.008973 seconds
  Import took 0.011622 seconds .

========================================================================
Received Import Request.
  Time since last request: 122.177958 seconds.
  path: Assets/UI/업적확인.png
  artifactKey: Guid(f7fe8490ce61db04f837c4ccdf69a624) Importer(815301076,1909f56bfc062723c751e8b465ee728b)
Start importing Assets/UI/업적확인.png using Guid(f7fe8490ce61db04f837c4ccdf69a624) Importer(815301076,1909f56bfc062723c751e8b465ee728b)  -> (artifact id: '2e63f0aadccefb4b6fa49ac5ca59beb1') in 0.029276 seconds
  Import took 0.031988 seconds .

========================================================================
Received Import Request.
  Time since last request: 10.748901 seconds.
  path: Assets/UI/이어하기.png
  artifactKey: Guid(d654c17bd4dcea8479ed912d81eb2837) Importer(815301076,1909f56bfc062723c751e8b465ee728b)
Start importing Assets/UI/이어하기.png using Guid(d654c17bd4dcea8479ed912d81eb2837) Importer(815301076,1909f56bfc062723c751e8b465ee728b)  -> (artifact id: '3635ce5cefd01c3f64ec934d1345e983') in 0.026910 seconds
  Import took 0.029652 seconds .

========================================================================
Received Import Request.
  Time since last request: 9.879507 seconds.
  path: Assets/UI/처음부터.png
  artifactKey: Guid(c824684986502084d8b5071ea78c1f56) Importer(815301076,1909f56bfc062723c751e8b465ee728b)
Start importing Assets/UI/처음부터.png using Guid(c824684986502084d8b5071ea78c1f56) Importer(815301076,1909f56bfc062723c751e8b465ee728b)  -> (artifact id: '65a31124a2f0a09488cdc88c9a4cd560') in 0.015271 seconds
  Import took 0.018425 seconds .

========================================================================
Received Import Request.
  Time since last request: 7.796362 seconds.
  path: Assets/UI/처음부터(click).png
  artifactKey: Guid(68a310ada7af267479020848c8ce43e0) Importer(815301076,1909f56bfc062723c751e8b465ee728b)
Start importing Assets/UI/처음부터(click).png using Guid(68a310ada7af267479020848c8ce43e0) Importer(815301076,1909f56bfc062723c751e8b465ee728b)  -> (artifact id: '1004e729b296559b67548bf44c078e89') in 0.045580 seconds
  Import took 0.048280 seconds .

========================================================================
Received Import Request.
  Time since last request: 7.302448 seconds.
  path: Assets/UI/업적확인(click).png
  artifactKey: Guid(f14d5cf6ed1fb4b4eb2b1592618ac243) Importer(815301076,1909f56bfc062723c751e8b465ee728b)
Start importing Assets/UI/업적확인(click).png using Guid(f14d5cf6ed1fb4b4eb2b1592618ac243) Importer(815301076,1909f56bfc062723c751e8b465ee728b)  -> (artifact id: '64a15f502e6956b57ad08dddc148d03c') in 0.016590 seconds
  Import took 0.019347 seconds .

========================================================================
Received Import Request.
  Time since last request: 4.806019 seconds.
  path: Assets/UI/이어하기(click).png
  artifactKey: Guid(e3deff92930390648bcbfc8d0541308d) Importer(815301076,1909f56bfc062723c751e8b465ee728b)
Start importing Assets/UI/이어하기(click).png using Guid(e3deff92930390648bcbfc8d0541308d) Importer(815301076,1909f56bfc062723c751e8b465ee728b)  -> (artifact id: '42bf46bab1434d839de06dbbc2c6b966') in 0.010653 seconds
  Import took 0.013390 seconds .

========================================================================
Received Import Request.
  Time since last request: 15.570498 seconds.
  path: Assets/UI/메인.png
  artifactKey: Guid(60dae36d179af3e4b86c207d7ff4c7f3) Importer(815301076,1909f56bfc062723c751e8b465ee728b)
Start importing Assets/UI/메인.png using Guid(60dae36d179af3e4b86c207d7ff4c7f3) Importer(815301076,1909f56bfc062723c751e8b465ee728b)  -> (artifact id: 'e2c6a567e4ae6fb60bc99c2da7570fce') in 0.056098 seconds
  Import took 0.058812 seconds .

========================================================================
Received Prepare
Registering precompiled user dll's ...
Registered in 0.001132 seconds.
Begin MonoManager ReloadAssembly
Native extension for WindowsStandalone target not found
Refreshing native plugins compatible for Editor in 0.38 ms, found 1 plugins.
Preloading 0 native plugins for Editor in 0.00 ms.
Invoked RoslynAnalysisRunner static constructor.
RoslynAnalysisRunner will not be running.
RoslynAnalysisRunner has terminated.
Mono: successfully reloaded assembly
- Completed reload, in  0.666 seconds
Platform modules already initialized, skipping
Switching build target platform(5) subTarget(0) extendedPlatform(0) -> platform(13) subTarget(537395200) extendedPlatform(0)
Refreshing native plugins compatible for Editor in 0.35 ms, found 1 plugins.
Preloading 0 native plugins for Editor in 0.00 ms.
Unloading 1827 Unused Serialized files (Serialized files now loaded: 0)
System memory in use before: 88.5 MB.
System memory in use after: 88.5 MB.

Unloading 13 unused Assets to reduce memory usage. Loaded Objects now: 2283.
Total: 2.063900 ms (FindLiveObjects: 0.205400 ms CreateObjectMapping: 0.044500 ms MarkObjects: 1.714600 ms  DeleteObjects: 0.098200 ms)

AssetImportParameters requested are different than current active one (requested -> active):
  custom:graphics/normal-map-encoding: 01000000000000000000000000000000 -> 02000000000000000000000000000000
========================================================================
Received Import Request.
  Time since last request: 234.022656 seconds.
  path: Assets/Scenes/GameOver.unity
  artifactKey: Guid(2f711f861f39cc04290416c4350983ec) Importer(815301076,1909f56bfc062723c751e8b465ee728b)
Start importing Assets/Scenes/GameOver.unity using Guid(2f711f861f39cc04290416c4350983ec) Importer(815301076,1909f56bfc062723c751e8b465ee728b)  -> (artifact id: 'b35dcbdb5048045a91f1e4c53b6cd1f4') in 0.013831 seconds
  Import took 0.016672 seconds .

========================================================================
Received Import Request.
  Time since last request: 29.723189 seconds.
  path: Assets/Scenes/GameOver.unity
  artifactKey: Guid(2f711f861f39cc04290416c4350983ec) Importer(815301076,1909f56bfc062723c751e8b465ee728b)
Start importing Assets/Scenes/GameOver.unity using Guid(2f711f861f39cc04290416c4350983ec) Importer(815301076,1909f56bfc062723c751e8b465ee728b)  -> (artifact id: '9d6be5bf21f9d5221106b6c00239ce15') in 0.002113 seconds
  Import took 0.004771 seconds .

========================================================================
Received Import Request.
  Time since last request: 2.869286 seconds.
  path: Assets/Scenes/GameOver 1.unity
  artifactKey: Guid(42633ad23ecb4d441aec95ec220d8a90) Importer(815301076,1909f56bfc062723c751e8b465ee728b)
Start importing Assets/Scenes/GameOver 1.unity using Guid(42633ad23ecb4d441aec95ec220d8a90) Importer(815301076,1909f56bfc062723c751e8b465ee728b)  -> (artifact id: 'a21fae08b5abc4abe209e0c782c861f5') in 0.005610 seconds
  Import took 0.008386 seconds .

========================================================================
Received Import Request.
  Time since last request: 0.000365 seconds.
  path: Assets/Scenes/GameOver 1.unity
  artifactKey: Guid(42633ad23ecb4d441aec95ec220d8a90) Importer(815301076,1909f56bfc062723c751e8b465ee728b)
Start importing Assets/Scenes/GameOver 1.unity using Guid(42633ad23ecb4d441aec95ec220d8a90) Importer(815301076,1909f56bfc062723c751e8b465ee728b)  -> (artifact id: 'a21fae08b5abc4abe209e0c782c861f5') in 0.001848 seconds
  Import took 0.003980 seconds .

========================================================================
Received Import Request.
  Time since last request: 23.055500 seconds.
  path: Assets/Scenes/Chapter1 typing.unity
  artifactKey: Guid(42633ad23ecb4d441aec95ec220d8a90) Importer(815301076,1909f56bfc062723c751e8b465ee728b)
Start importing Assets/Scenes/Chapter1 typing.unity using Guid(42633ad23ecb4d441aec95ec220d8a90) Importer(815301076,1909f56bfc062723c751e8b465ee728b)  -> (artifact id: 'b812e78de8e03682a29e5735d6ea74cc') in 0.006101 seconds
  Import took 0.008826 seconds .

========================================================================
Received Import Request.
  Time since last request: 287.567002 seconds.
  path: Assets/Script/TypeWriterEffect1.cs
  artifactKey: Guid(9a6d16465f816b34dbe950249ff6a5ce) Importer(815301076,1909f56bfc062723c751e8b465ee728b)
Start importing Assets/Script/TypeWriterEffect1.cs using Guid(9a6d16465f816b34dbe950249ff6a5ce) Importer(815301076,1909f56bfc062723c751e8b465ee728b)  -> (artifact id: '79756e86c780e60a02393fbfebc3cccd') in 0.007933 seconds
  Import took 0.010837 seconds .

========================================================================
Received Prepare
Registering precompiled user dll's ...
Registered in 0.001197 seconds.
Begin MonoManager ReloadAssembly
Native extension for WindowsStandalone target not found
Refreshing native plugins compatible for Editor in 0.37 ms, found 1 plugins.
Preloading 0 native plugins for Editor in 0.00 ms.
Invoked RoslynAnalysisRunner static constructor.
RoslynAnalysisRunner will not be running.
RoslynAnalysisRunner has terminated.
Mono: successfully reloaded assembly
- Completed reload, in  0.659 seconds
Platform modules already initialized, skipping
Switching build target platform(5) subTarget(0) extendedPlatform(0) -> platform(13) subTarget(537395200) extendedPlatform(0)
Refreshing native plugins compatible for Editor in 0.37 ms, found 1 plugins.
Preloading 0 native plugins for Editor in 0.00 ms.
Unloading 1827 Unused Serialized files (Serialized files now loaded: 0)
System memory in use before: 88.6 MB.
System memory in use after: 88.5 MB.

Unloading 13 unused Assets to reduce memory usage. Loaded Objects now: 2287.
Total: 1.997300 ms (FindLiveObjects: 0.201400 ms CreateObjectMapping: 0.039200 ms MarkObjects: 1.655200 ms  DeleteObjects: 0.100300 ms)

AssetImportParameters requested are different than current active one (requested -> active):
  custom:graphics/normal-map-encoding: 01000000000000000000000000000000 -> 02000000000000000000000000000000
========================================================================
Received Prepare
Registering precompiled user dll's ...
Registered in 0.001170 seconds.
Begin MonoManager ReloadAssembly
Native extension for WindowsStandalone target not found
Refreshing native plugins compatible for Editor in 0.37 ms, found 1 plugins.
Preloading 0 native plugins for Editor in 0.00 ms.
Invoked RoslynAnalysisRunner static constructor.
RoslynAnalysisRunner will not be running.
RoslynAnalysisRunner has terminated.
Mono: successfully reloaded assembly
- Completed reload, in  0.687 seconds
Platform modules already initialized, skipping
Switching build target platform(5) subTarget(0) extendedPlatform(0) -> platform(13) subTarget(537395200) extendedPlatform(0)
Refreshing native plugins compatible for Editor in 0.36 ms, found 1 plugins.
Preloading 0 native plugins for Editor in 0.00 ms.
Unloading 1827 Unused Serialized files (Serialized files now loaded: 0)
System memory in use before: 88.6 MB.
System memory in use after: 88.6 MB.

Unloading 13 unused Assets to reduce memory usage. Loaded Objects now: 2291.
Total: 2.045400 ms (FindLiveObjects: 0.215300 ms CreateObjectMapping: 0.047800 ms MarkObjects: 1.673500 ms  DeleteObjects: 0.107500 ms)

AssetImportParameters requested are different than current active one (requested -> active):
  custom:graphics/normal-map-encoding: 01000000000000000000000000000000 -> 02000000000000000000000000000000
========================================================================
Received Prepare
Registering precompiled user dll's ...
Registered in 0.001185 seconds.
Begin MonoManager ReloadAssembly
Native extension for WindowsStandalone target not found
Refreshing native plugins compatible for Editor in 0.38 ms, found 1 plugins.
Preloading 0 native plugins for Editor in 0.00 ms.
Invoked RoslynAnalysisRunner static constructor.
RoslynAnalysisRunner will not be running.
RoslynAnalysisRunner has terminated.
Mono: successfully reloaded assembly
- Completed reload, in  0.675 seconds
Platform modules already initialized, skipping
Switching build target platform(5) subTarget(0) extendedPlatform(0) -> platform(13) subTarget(537395200) extendedPlatform(0)
Refreshing native plugins compatible for Editor in 0.36 ms, found 1 plugins.
Preloading 0 native plugins for Editor in 0.00 ms.
Unloading 1827 Unused Serialized files (Serialized files now loaded: 0)
System memory in use before: 88.6 MB.
System memory in use after: 88.6 MB.

Unloading 13 unused Assets to reduce memory usage. Loaded Objects now: 2295.
Total: 2.063700 ms (FindLiveObjects: 0.192400 ms CreateObjectMapping: 0.045100 ms MarkObjects: 1.725600 ms  DeleteObjects: 0.099600 ms)

AssetImportParameters requested are different than current active one (requested -> active):
  custom:graphics/normal-map-encoding: 01000000000000000000000000000000 -> 02000000000000000000000000000000
========================================================================
Received Prepare
Registering precompiled user dll's ...
Registered in 0.001276 seconds.
Begin MonoManager ReloadAssembly
Native extension for WindowsStandalone target not found
Refreshing native plugins compatible for Editor in 0.38 ms, found 1 plugins.
Preloading 0 native plugins for Editor in 0.00 ms.
Invoked RoslynAnalysisRunner static constructor.
RoslynAnalysisRunner will not be running.
RoslynAnalysisRunner has terminated.
Mono: successfully reloaded assembly
- Completed reload, in  0.676 seconds
Platform modules already initialized, skipping
Switching build target platform(5) subTarget(0) extendedPlatform(0) -> platform(13) subTarget(537395200) extendedPlatform(0)
Refreshing native plugins compatible for Editor in 0.37 ms, found 1 plugins.
Preloading 0 native plugins for Editor in 0.00 ms.
Unloading 1827 Unused Serialized files (Serialized files now loaded: 0)
System memory in use before: 88.6 MB.
System memory in use after: 88.6 MB.

Unloading 13 unused Assets to reduce memory usage. Loaded Objects now: 2299.
Total: 1.700000 ms (FindLiveObjects: 0.207400 ms CreateObjectMapping: 0.039100 ms MarkObjects: 1.353600 ms  DeleteObjects: 0.099100 ms)

AssetImportParameters requested are different than current active one (requested -> active):
  custom:graphics/normal-map-encoding: 01000000000000000000000000000000 -> 02000000000000000000000000000000
========================================================================
Received Prepare
Registering precompiled user dll's ...
Registered in 0.001200 seconds.
Begin MonoManager ReloadAssembly
Native extension for WindowsStandalone target not found
Refreshing native plugins compatible for Editor in 0.37 ms, found 1 plugins.
Preloading 0 native plugins for Editor in 0.00 ms.
Invoked RoslynAnalysisRunner static constructor.
RoslynAnalysisRunner will not be running.
RoslynAnalysisRunner has terminated.
Mono: successfully reloaded assembly
- Completed reload, in  0.689 seconds
Platform modules already initialized, skipping
Switching build target platform(5) subTarget(0) extendedPlatform(0) -> platform(13) subTarget(537395200) extendedPlatform(0)
Refreshing native plugins compatible for Editor in 0.35 ms, found 1 plugins.
Preloading 0 native plugins for Editor in 0.00 ms.
Unloading 1827 Unused Serialized files (Serialized files now loaded: 0)
System memory in use before: 88.6 MB.
System memory in use after: 88.6 MB.

Unloading 13 unused Assets to reduce memory usage. Loaded Objects now: 2303.
Total: 1.930000 ms (FindLiveObjects: 0.213900 ms CreateObjectMapping: 0.040900 ms MarkObjects: 1.562900 ms  DeleteObjects: 0.110900 ms)

AssetImportParameters requested are different than current active one (requested -> active):
  custom:graphics/normal-map-encoding: 01000000000000000000000000000000 -> 02000000000000000000000000000000
========================================================================
Received Prepare
Registering precompiled user dll's ...
Registered in 0.001234 seconds.
Begin MonoManager ReloadAssembly
Native extension for WindowsStandalone target not found
Refreshing native plugins compatible for Editor in 0.38 ms, found 1 plugins.
Preloading 0 native plugins for Editor in 0.00 ms.
Invoked RoslynAnalysisRunner static constructor.
RoslynAnalysisRunner will not be running.
RoslynAnalysisRunner has terminated.
Mono: successfully reloaded assembly
- Completed reload, in  0.690 seconds
Platform modules already initialized, skipping
Switching build target platform(5) subTarget(0) extendedPlatform(0) -> platform(13) subTarget(537395200) extendedPlatform(0)
Refreshing native plugins compatible for Editor in 0.37 ms, found 1 plugins.
Preloading 0 native plugins for Editor in 0.00 ms.
Unloading 1827 Unused Serialized files (Serialized files now loaded: 0)
System memory in use before: 88.6 MB.
System memory in use after: 88.6 MB.

Unloading 13 unused Assets to reduce memory usage. Loaded Objects now: 2307.
Total: 1.859200 ms (FindLiveObjects: 0.212700 ms CreateObjectMapping: 0.039500 ms MarkObjects: 1.492400 ms  DeleteObjects: 0.113900 ms)

AssetImportParameters requested are different than current active one (requested -> active):
  custom:graphics/normal-map-encoding: 01000000000000000000000000000000 -> 02000000000000000000000000000000
========================================================================
Received Prepare
Registering precompiled user dll's ...
Registered in 0.001102 seconds.
Begin MonoManager ReloadAssembly
Native extension for WindowsStandalone target not found
Refreshing native plugins compatible for Editor in 0.38 ms, found 1 plugins.
Preloading 0 native plugins for Editor in 0.00 ms.
Invoked RoslynAnalysisRunner static constructor.
RoslynAnalysisRunner will not be running.
RoslynAnalysisRunner has terminated.
Mono: successfully reloaded assembly
- Completed reload, in  0.686 seconds
Platform modules already initialized, skipping
Switching build target platform(5) subTarget(0) extendedPlatform(0) -> platform(13) subTarget(537395200) extendedPlatform(0)
Refreshing native plugins compatible for Editor in 0.35 ms, found 1 plugins.
Preloading 0 native plugins for Editor in 0.00 ms.
Unloading 1827 Unused Serialized files (Serialized files now loaded: 0)
System memory in use before: 88.6 MB.
System memory in use after: 88.6 MB.

Unloading 13 unused Assets to reduce memory usage. Loaded Objects now: 2311.
Total: 1.926400 ms (FindLiveObjects: 0.216800 ms CreateObjectMapping: 0.045400 ms MarkObjects: 1.553300 ms  DeleteObjects: 0.110200 ms)

AssetImportParameters requested are different than current active one (requested -> active):
  custom:graphics/normal-map-encoding: 01000000000000000000000000000000 -> 02000000000000000000000000000000
========================================================================
Received Prepare
Registering precompiled user dll's ...
Registered in 0.001076 seconds.
Begin MonoManager ReloadAssembly
Native extension for WindowsStandalone target not found
Refreshing native plugins compatible for Editor in 0.37 ms, found 1 plugins.
Preloading 0 native plugins for Editor in 0.00 ms.
Invoked RoslynAnalysisRunner static constructor.
RoslynAnalysisRunner will not be running.
RoslynAnalysisRunner has terminated.
Mono: successfully reloaded assembly
- Completed reload, in  0.691 seconds
Platform modules already initialized, skipping
Switching build target platform(5) subTarget(0) extendedPlatform(0) -> platform(13) subTarget(537395200) extendedPlatform(0)
Refreshing native plugins compatible for Editor in 0.37 ms, found 1 plugins.
Preloading 0 native plugins for Editor in 0.00 ms.
Unloading 1827 Unused Serialized files (Serialized files now loaded: 0)
System memory in use before: 88.7 MB.
System memory in use after: 88.6 MB.

Unloading 13 unused Assets to reduce memory usage. Loaded Objects now: 2315.
Total: 1.830000 ms (FindLiveObjects: 0.236300 ms CreateObjectMapping: 0.042400 ms MarkObjects: 1.432800 ms  DeleteObjects: 0.117500 ms)

AssetImportParameters requested are different than current active one (requested -> active):
  custom:graphics/normal-map-encoding: 01000000000000000000000000000000 -> 02000000000000000000000000000000
========================================================================
Received Import Request.
  Time since last request: 736.920670 seconds.
  path: Assets/Scenes/Main.unity
  artifactKey: Guid(e64374251e570f44c84e5cc8418e1c1b) Importer(815301076,1909f56bfc062723c751e8b465ee728b)
Start importing Assets/Scenes/Main.unity using Guid(e64374251e570f44c84e5cc8418e1c1b) Importer(815301076,1909f56bfc062723c751e8b465ee728b)  -> (artifact id: 'b198f23ecf74734a6b5355e4cbed85f7') in 0.012578 seconds
  Import took 0.015441 seconds .

========================================================================
Received Prepare
Registering precompiled user dll's ...
Registered in 0.001195 seconds.
Begin MonoManager ReloadAssembly
Native extension for WindowsStandalone target not found
Refreshing native plugins compatible for Editor in 0.39 ms, found 1 plugins.
Preloading 0 native plugins for Editor in 0.00 ms.
Invoked RoslynAnalysisRunner static constructor.
RoslynAnalysisRunner will not be running.
RoslynAnalysisRunner has terminated.
Mono: successfully reloaded assembly
- Completed reload, in  0.712 seconds
Platform modules already initialized, skipping
Switching build target platform(5) subTarget(0) extendedPlatform(0) -> platform(13) subTarget(537395200) extendedPlatform(0)
Refreshing native plugins compatible for Editor in 0.36 ms, found 1 plugins.
Preloading 0 native plugins for Editor in 0.00 ms.
Unloading 1827 Unused Serialized files (Serialized files now loaded: 0)
System memory in use before: 88.7 MB.
System memory in use after: 88.6 MB.

Unloading 13 unused Assets to reduce memory usage. Loaded Objects now: 2319.
Total: 1.955000 ms (FindLiveObjects: 0.209700 ms CreateObjectMapping: 0.046900 ms MarkObjects: 1.583800 ms  DeleteObjects: 0.113700 ms)

AssetImportParameters requested are different than current active one (requested -> active):
  custom:graphics/normal-map-encoding: 01000000000000000000000000000000 -> 02000000000000000000000000000000
========================================================================
Received Prepare
Registering precompiled user dll's ...
Registered in 0.001212 seconds.
Begin MonoManager ReloadAssembly
Native extension for WindowsStandalone target not found
Refreshing native plugins compatible for Editor in 0.38 ms, found 1 plugins.
Preloading 0 native plugins for Editor in 0.00 ms.
Invoked RoslynAnalysisRunner static constructor.
RoslynAnalysisRunner will not be running.
RoslynAnalysisRunner has terminated.
Mono: successfully reloaded assembly
- Completed reload, in  0.707 seconds
Platform modules already initialized, skipping
Switching build target platform(5) subTarget(0) extendedPlatform(0) -> platform(13) subTarget(537395200) extendedPlatform(0)
Refreshing native plugins compatible for Editor in 0.41 ms, found 1 plugins.
Preloading 0 native plugins for Editor in 0.00 ms.
Unloading 1827 Unused Serialized files (Serialized files now loaded: 0)
System memory in use before: 88.7 MB.
System memory in use after: 88.7 MB.

Unloading 13 unused Assets to reduce memory usage. Loaded Objects now: 2323.
Total: 2.142100 ms (FindLiveObjects: 0.229500 ms CreateObjectMapping: 0.047100 ms MarkObjects: 1.750500 ms  DeleteObjects: 0.113800 ms)

AssetImportParameters requested are different than current active one (requested -> active):
  custom:graphics/normal-map-encoding: 01000000000000000000000000000000 -> 02000000000000000000000000000000
========================================================================
Received Prepare
Registering precompiled user dll's ...
Registered in 0.001248 seconds.
Begin MonoManager ReloadAssembly
Native extension for WindowsStandalone target not found
Refreshing native plugins compatible for Editor in 0.37 ms, found 1 plugins.
Preloading 0 native plugins for Editor in 0.00 ms.
Invoked RoslynAnalysisRunner static constructor.
RoslynAnalysisRunner will not be running.
RoslynAnalysisRunner has terminated.
Mono: successfully reloaded assembly
- Completed reload, in  0.717 seconds
Platform modules already initialized, skipping
Switching build target platform(5) subTarget(0) extendedPlatform(0) -> platform(13) subTarget(537395200) extendedPlatform(0)
Refreshing native plugins compatible for Editor in 0.35 ms, found 1 plugins.
Preloading 0 native plugins for Editor in 0.00 ms.
Unloading 1827 Unused Serialized files (Serialized files now loaded: 0)
System memory in use before: 88.7 MB.
System memory in use after: 88.7 MB.

Unloading 13 unused Assets to reduce memory usage. Loaded Objects now: 2327.
Total: 2.051900 ms (FindLiveObjects: 0.210600 ms CreateObjectMapping: 0.039600 ms MarkObjects: 1.689900 ms  DeleteObjects: 0.110500 ms)

AssetImportParameters requested are different than current active one (requested -> active):
  custom:graphics/normal-map-encoding: 01000000000000000000000000000000 -> 02000000000000000000000000000000
========================================================================
Received Import Request.
  Time since last request: 399.284126 seconds.
  path: Assets/UI/업적확인(click).png
  artifactKey: Guid(f14d5cf6ed1fb4b4eb2b1592618ac243) Importer(815301076,1909f56bfc062723c751e8b465ee728b)
Start importing Assets/UI/업적확인(click).png using Guid(f14d5cf6ed1fb4b4eb2b1592618ac243) Importer(815301076,1909f56bfc062723c751e8b465ee728b)  -> (artifact id: '32bcbc4073ac33797aa9304c10fc0fc5') in 0.050070 seconds
  Import took 0.052955 seconds .

========================================================================
Received Import Request.
  Time since last request: 0.000172 seconds.
  path: Assets/UI/이어하기(click).png
  artifactKey: Guid(e3deff92930390648bcbfc8d0541308d) Importer(815301076,1909f56bfc062723c751e8b465ee728b)
Start importing Assets/UI/이어하기(click).png using Guid(e3deff92930390648bcbfc8d0541308d) Importer(815301076,1909f56bfc062723c751e8b465ee728b)  -> (artifact id: '0c71e6fc25e148099d54bdb82ea2c981') in 0.011090 seconds
  Import took 0.013469 seconds .

========================================================================
Received Import Request.
  Time since last request: 0.000144 seconds.
  path: Assets/UI/처음부터(click).png
  artifactKey: Guid(68a310ada7af267479020848c8ce43e0) Importer(815301076,1909f56bfc062723c751e8b465ee728b)
Start importing Assets/UI/처음부터(click).png using Guid(68a310ada7af267479020848c8ce43e0) Importer(815301076,1909f56bfc062723c751e8b465ee728b)  -> (artifact id: '0399c6a98299137da5ac1a7a5cf82471') in 0.031838 seconds
  Import took 0.034160 seconds .

========================================================================
Received Prepare
Registering precompiled user dll's ...
Registered in 0.001197 seconds.
Begin MonoManager ReloadAssembly
Native extension for WindowsStandalone target not found
Refreshing native plugins compatible for Editor in 0.41 ms, found 1 plugins.
Preloading 0 native plugins for Editor in 0.00 ms.
Invoked RoslynAnalysisRunner static constructor.
RoslynAnalysisRunner will not be running.
RoslynAnalysisRunner has terminated.
Mono: successfully reloaded assembly
- Completed reload, in  0.729 seconds
Platform modules already initialized, skipping
Switching build target platform(5) subTarget(0) extendedPlatform(0) -> platform(13) subTarget(537395200) extendedPlatform(0)
Refreshing native plugins compatible for Editor in 0.38 ms, found 1 plugins.
Preloading 0 native plugins for Editor in 0.00 ms.
Unloading 1827 Unused Serialized files (Serialized files now loaded: 0)
System memory in use before: 88.7 MB.
System memory in use after: 88.7 MB.

Unloading 13 unused Assets to reduce memory usage. Loaded Objects now: 2332.
Total: 1.831900 ms (FindLiveObjects: 0.182200 ms CreateObjectMapping: 0.040300 ms MarkObjects: 1.501000 ms  DeleteObjects: 0.107100 ms)

AssetImportParameters requested are different than current active one (requested -> active):
  custom:graphics/normal-map-encoding: 01000000000000000000000000000000 -> 02000000000000000000000000000000
========================================================================
Received Prepare
Registering precompiled user dll's ...
Registered in 0.001178 seconds.
Begin MonoManager ReloadAssembly
Native extension for WindowsStandalone target not found
Refreshing native plugins compatible for Editor in 0.37 ms, found 1 plugins.
Preloading 0 native plugins for Editor in 0.00 ms.
Invoked RoslynAnalysisRunner static constructor.
RoslynAnalysisRunner will not be running.
RoslynAnalysisRunner has terminated.
Mono: successfully reloaded assembly
- Completed reload, in  0.715 seconds
Platform modules already initialized, skipping
Switching build target platform(5) subTarget(0) extendedPlatform(0) -> platform(13) subTarget(537395200) extendedPlatform(0)
Refreshing native plugins compatible for Editor in 0.36 ms, found 1 plugins.
Preloading 0 native plugins for Editor in 0.00 ms.
Unloading 1827 Unused Serialized files (Serialized files now loaded: 0)
System memory in use before: 88.7 MB.
System memory in use after: 88.7 MB.

Unloading 13 unused Assets to reduce memory usage. Loaded Objects now: 2336.
Total: 1.753000 ms (FindLiveObjects: 0.206700 ms CreateObjectMapping: 0.045100 ms MarkObjects: 1.405700 ms  DeleteObjects: 0.094800 ms)

AssetImportParameters requested are different than current active one (requested -> active):
  custom:graphics/normal-map-encoding: 01000000000000000000000000000000 -> 02000000000000000000000000000000
========================================================================
Received Import Request.
  Time since last request: 219.908786 seconds.
  path: Assets/UI/업적확인(click).png
  artifactKey: Guid(f14d5cf6ed1fb4b4eb2b1592618ac243) Importer(815301076,1909f56bfc062723c751e8b465ee728b)
Start importing Assets/UI/업적확인(click).png using Guid(f14d5cf6ed1fb4b4eb2b1592618ac243) Importer(815301076,1909f56bfc062723c751e8b465ee728b)  -> (artifact id: '0a3d2b64acf8c8145c92a1bb1250f368') in 0.041716 seconds
  Import took 0.044660 seconds .

========================================================================
Received Import Request.
  Time since last request: 0.000145 seconds.
  path: Assets/UI/이어하기(click).png
  artifactKey: Guid(e3deff92930390648bcbfc8d0541308d) Importer(815301076,1909f56bfc062723c751e8b465ee728b)
Start importing Assets/UI/이어하기(click).png using Guid(e3deff92930390648bcbfc8d0541308d) Importer(815301076,1909f56bfc062723c751e8b465ee728b)  -> (artifact id: '76ab4b8f078aea1fe2c1663f8950b10b') in 0.011004 seconds
  Import took 0.013463 seconds .

========================================================================
Received Import Request.
  Time since last request: 0.000149 seconds.
  path: Assets/UI/처음부터(click).png
  artifactKey: Guid(68a310ada7af267479020848c8ce43e0) Importer(815301076,1909f56bfc062723c751e8b465ee728b)
Start importing Assets/UI/처음부터(click).png using Guid(68a310ada7af267479020848c8ce43e0) Importer(815301076,1909f56bfc062723c751e8b465ee728b)  -> (artifact id: '97f25346c4674733b176fa3d1051ad14') in 0.016562 seconds
  Import took 0.018942 seconds .

========================================================================
Received Prepare
Registering precompiled user dll's ...
Registered in 0.001218 seconds.
Begin MonoManager ReloadAssembly
Native extension for WindowsStandalone target not found
Refreshing native plugins compatible for Editor in 0.36 ms, found 1 plugins.
Preloading 0 native plugins for Editor in 0.00 ms.
Invoked RoslynAnalysisRunner static constructor.
RoslynAnalysisRunner will not be running.
RoslynAnalysisRunner has terminated.
Mono: successfully reloaded assembly
- Completed reload, in  0.732 seconds
Platform modules already initialized, skipping
Switching build target platform(5) subTarget(0) extendedPlatform(0) -> platform(13) subTarget(537395200) extendedPlatform(0)
Refreshing native plugins compatible for Editor in 0.40 ms, found 1 plugins.
Preloading 0 native plugins for Editor in 0.00 ms.
Unloading 1827 Unused Serialized files (Serialized files now loaded: 0)
System memory in use before: 88.7 MB.
System memory in use after: 88.7 MB.

Unloading 13 unused Assets to reduce memory usage. Loaded Objects now: 2341.
Total: 2.030500 ms (FindLiveObjects: 0.204900 ms CreateObjectMapping: 0.038500 ms MarkObjects: 1.682000 ms  DeleteObjects: 0.104300 ms)

AssetImportParameters requested are different than current active one (requested -> active):
  custom:graphics/normal-map-encoding: 01000000000000000000000000000000 -> 02000000000000000000000000000000
========================================================================
Received Import Request.
  Time since last request: 39.345878 seconds.
  path: Assets/UI/업적확인(click).png
  artifactKey: Guid(f14d5cf6ed1fb4b4eb2b1592618ac243) Importer(815301076,1909f56bfc062723c751e8b465ee728b)
Start importing Assets/UI/업적확인(click).png using Guid(f14d5cf6ed1fb4b4eb2b1592618ac243) Importer(815301076,1909f56bfc062723c751e8b465ee728b)  -> (artifact id: '8752ccb265d79601eb99acb16baa756d') in 0.041013 seconds
  Import took 0.043892 seconds .

========================================================================
Received Import Request.
  Time since last request: 0.000146 seconds.
  path: Assets/UI/이어하기(click).png
  artifactKey: Guid(e3deff92930390648bcbfc8d0541308d) Importer(815301076,1909f56bfc062723c751e8b465ee728b)
Start importing Assets/UI/이어하기(click).png using Guid(e3deff92930390648bcbfc8d0541308d) Importer(815301076,1909f56bfc062723c751e8b465ee728b)  -> (artifact id: '85a77ec8e9c465dd65c7332c536d393f') in 0.012911 seconds
  Import took 0.015330 seconds .

========================================================================
Received Import Request.
  Time since last request: 0.000169 seconds.
  path: Assets/UI/처음부터(click).png
  artifactKey: Guid(68a310ada7af267479020848c8ce43e0) Importer(815301076,1909f56bfc062723c751e8b465ee728b)
Start importing Assets/UI/처음부터(click).png using Guid(68a310ada7af267479020848c8ce43e0) Importer(815301076,1909f56bfc062723c751e8b465ee728b)  -> (artifact id: '3e74263e44125460a6f73913401d5d71') in 0.007915 seconds
  Import took 0.010428 seconds .

========================================================================
Received Prepare
Registering precompiled user dll's ...
Registered in 0.001180 seconds.
Begin MonoManager ReloadAssembly
Native extension for WindowsStandalone target not found
Refreshing native plugins compatible for Editor in 0.37 ms, found 1 plugins.
Preloading 0 native plugins for Editor in 0.00 ms.
Invoked RoslynAnalysisRunner static constructor.
RoslynAnalysisRunner will not be running.
RoslynAnalysisRunner has terminated.
Mono: successfully reloaded assembly
- Completed reload, in  0.733 seconds
Platform modules already initialized, skipping
Switching build target platform(5) subTarget(0) extendedPlatform(0) -> platform(13) subTarget(537395200) extendedPlatform(0)
Refreshing native plugins compatible for Editor in 0.36 ms, found 1 plugins.
Preloading 0 native plugins for Editor in 0.00 ms.
Unloading 1827 Unused Serialized files (Serialized files now loaded: 0)
System memory in use before: 88.8 MB.
System memory in use after: 88.7 MB.

Unloading 13 unused Assets to reduce memory usage. Loaded Objects now: 2346.
Total: 1.798400 ms (FindLiveObjects: 0.217800 ms CreateObjectMapping: 0.046800 ms MarkObjects: 1.432200 ms  DeleteObjects: 0.100700 ms)

AssetImportParameters requested are different than current active one (requested -> active):
  custom:graphics/normal-map-encoding: 01000000000000000000000000000000 -> 02000000000000000000000000000000
========================================================================
Received Prepare
Registering precompiled user dll's ...
Registered in 0.001094 seconds.
Begin MonoManager ReloadAssembly
Native extension for WindowsStandalone target not found
Refreshing native plugins compatible for Editor in 0.37 ms, found 1 plugins.
Preloading 0 native plugins for Editor in 0.00 ms.
Invoked RoslynAnalysisRunner static constructor.
RoslynAnalysisRunner will not be running.
RoslynAnalysisRunner has terminated.
Mono: successfully reloaded assembly
- Completed reload, in  0.740 seconds
Platform modules already initialized, skipping
Switching build target platform(5) subTarget(0) extendedPlatform(0) -> platform(13) subTarget(537395200) extendedPlatform(0)
Refreshing native plugins compatible for Editor in 0.35 ms, found 1 plugins.
Preloading 0 native plugins for Editor in 0.00 ms.
Unloading 1827 Unused Serialized files (Serialized files now loaded: 0)
System memory in use before: 88.8 MB.
System memory in use after: 88.7 MB.

Unloading 13 unused Assets to reduce memory usage. Loaded Objects now: 2350.
Total: 1.956200 ms (FindLiveObjects: 0.226600 ms CreateObjectMapping: 0.039100 ms MarkObjects: 1.585100 ms  DeleteObjects: 0.103700 ms)

AssetImportParameters requested are different than current active one (requested -> active):
  custom:graphics/normal-map-encoding: 01000000000000000000000000000000 -> 02000000000000000000000000000000
